t v 0.999999999500001 0.999999999500001 2.999999999 stickers 4 cubies 5 orbits 2 shortedge 2.4494897421708064
o v 0.8660255 0.866025403284439 1.73205080656887 stickers 4 cubies 7 orbits 2 shortedge 1.2247448706844823
o v 0 0 0 stickers 1 cubies 8 orbits 1 shortedge 2.449489742783177
c f 0 0 0 stickers 4 cubies 8 orbits 1 shortedge 0.9999999999999994
t e 0 0 0 stickers 4 cubies 8 orbits 2 shortedge 2.449489742783178
c v 1.15470053787931 1.15470053787931 1.73205079466402 stickers 5 cubies 9 orbits 3 shortedge 0.9999999991340749
t v 0.333333333333333 0.333333333 0.333333333666666 stickers 6 cubies 10 orbits 2 shortedge 1.6329931618554514
t v 0.600260416666341 0.333333333666667 0.9999999995 stickers 7 cubies 11 orbits 3 shortedge 0.9791580091602188
c v 0.577350269189594 0.577350268689656 0.577350269689532 stickers 4 cubies 12 orbits 1 shortedge 1.4142135623730556
i v 0.910593 0.910592996854733 1.25840857136481 stickers 4 cubies 13 orbits 2 shortedge 0.6615845373835818
o f 0 0 0 stickers 4 cubies 14 orbits 3 shortedge 1.2247448713915878
c v 0 0 0 stickers 5 cubies 14 orbits 3 shortedge 0.999999999999999
t f 0 0 0 stickers 7 cubies 14 orbits 3 shortedge 1.2247448713915885
t v 0 0 0 stickers 7 cubies 14 orbits 3 shortedge 1.2247448713915885
o v 0.577350269189626 0.577350268856293 0.577350269522959 stickers 6 cubies 18 orbits 2 shortedge 0.8164965809277248
o v 0.692933086751677 0.57735026952296 0.866025403284438 stickers 7 cubies 19 orbits 3 shortedge 0.48957900458062925
i v 0.562777422255239 0.562777421255245 0.562777423255233 stickers 1 cubies 20 orbits 1 shortedge 1.3231690764992134
d v 1.09818547093982 1.09818547093982 1.2584085700064 stickers 6 cubies 21 orbits 2 shortedge 0.4490279753036286
c v 0.915641442663986 0.57735027018964 1.15470053787919 stickers 9 cubies 21 orbits 4 shortedge 0.5855728028735647
t e 0.577350269189626 0.577350268856293 0.577350269522959 stickers 9 cubies 22 orbits 7 shortedge 1.6329931618554514
t e 0.866025403784437 0.57735026952296 1.73205080656887 stickers 10 cubies 23 orbits 8 shortedge 1.2247448713915825
c e 0 0 0 stickers 4 cubies 24 orbits 1 shortedge 1.414213562373094
o e 0 0 0 stickers 6 cubies 24 orbits 1 shortedge 0.7071067811865469
o v 0.433012701892219 1.00000071938389e-09 0.577350268856292 stickers 7 cubies 26 orbits 3 shortedge 0.6123724356957934
c f 0.333984374995405 5.00001817727025e-10 0.999999998989161 stickers 9 cubies 26 orbits 3 shortedge 0.6660156250045947
t e 0.346184634065199 5.00000152392488e-10 0.577350268856292 stickers 10 cubies 26 orbits 8 shortedge 0.9791580091603427
i v 0 0 0 stickers 4 cubies 32 orbits 2 shortedge 0.6615845382496064
d f 0 0 0 stickers 6 cubies 32 orbits 2 shortedge 0.44902797657958465
c e 0.707106781186553 0.707106780811614 0.707106781561492 stickers 8 cubies 32 orbits 2 shortedge 0.999999999999992
i v 0.794654472291766 0.794654471958433 0.794654472625099 stickers 6 cubies 42 orbits 2 shortedge 0.4410563588330703
o f 0.333333333333334 0.333333333000002 0.333333333666666 stickers 9 cubies 42 orbits 4 shortedge 0.8164965809277245
i v 0.841075170785081 0.794654472625101 0.910592996810027 stickers 7 cubies 43 orbits 3 shortedge 0.2644615276609121
c e 0.943269392613834 0.707106781686662 1.41421354656802 stickers 13 cubies 45 orbits 4 shortedge 0.666015631994084
d f 0.447213595499989 0.447213595052858 0.447213595947119 stickers 10 cubies 50 orbits 2 shortedge 0.2482165606933941
o f 0.199869791666992 5.00001817727025e-10 0.333333332999999 stickers 10 cubies 50 orbits 6 shortedge 0.4895790045805071
o f 0.500000000000001 0.333333333666669 0.999999998999996 stickers 10 cubies 50 orbits 6 shortedge 0.6123724356957925
c v 0.239059095459766 5.00051555718528e-10 0.577350267572569 stickers 13 cubies 50 orbits 6 shortedge 0.5855728022477205
d v 0.9379623695595 0.9379623695595 1.09818547089503 stickers 11 cubies 51 orbits 3 shortedge 0.34302684730805455
i v 0.736685209782635 0.562777423255245 0.794654471958431 stickers 7 cubies 62 orbits 3 shortedge 0.3307922691248011
d f 0.745604667392652 0.618033988249977 0.999999998314593 stickers 11 cubies 62 orbits 3 shortedge 0.2990596495172751
o e 0.61237243569579 0.612372435287284 0.612372436104295 stickers 13 cubies 62 orbits 4 shortedge 0.3535533905932727
o e 0.816496580927733 0.816496580594418 0.816496581261049 stickers 15 cubies 66 orbits 4 shortedge 0.2357022603955113
o e 0.852377778460046 0.816496581261077 1.22474486939157 stickers 16 cubies 67 orbits 5 shortedge 0.21498624134138408
o e 0.689716350284335 0.612372436195812 0.816496580594389 stickers 16 cubies 74 orbits 5 shortedge 0.30889886068539996
i f 0 0 0 stickers 10 cubies 92 orbits 3 shortedge 0.15982328836139476
d v 0 0 0 stickers 11 cubies 92 orbits 3 shortedge 0.2775145514257754
d f 0.548137753621931 0.447213596223605 0.618033988249863 stickers 16 cubies 92 orbits 4 shortedge 0.163961233997766
o e 0.408248290463866 0.408248290130544 0.408248290797189 stickers 16 cubies 98 orbits 6 shortedge 0.47140452079102446
o e 0.489897948556645 0.489897948356656 0.489897948756635 stickers 19 cubies 98 orbits 6 shortedge 0.24494897427834558
c e 0.353553390593277 0.353553390343336 0.353553390843217 stickers 21 cubies 98 orbits 6 shortedge 0.4999999999999868
c e 0.471404520791054 0.471404520457781 0.471404521124327 stickers 21 cubies 98 orbits 6 shortedge 0.4714045207909868
i v 0.187592474085081 0.187592473751748 0.187592474418413 stickers 9 cubies 102 orbits 3 shortedge 0.44105635883306965
d e 0.726542528005439 0.726542527680522 0.726542528330356 stickers 11 cubies 102 orbits 3 shortedge 0.3430268503075413
d f 0.236067977499772 0.236067976499839 0.236067978499705 stickers 11 cubies 102 orbits 3 shortedge 0.34302685030761965
d v 0.794654472291768 0.794654471844751 0.794654472738785 stickers 15 cubies 110 orbits 3 shortedge 0.24821656069335463
d e 1.02604067771384 0.951056515832079 1.17557049760671 stickers 16 cubies 111 orbits 4 shortedge 0.29905965374221194
i e 0 0 0 stickers 6 cubies 120 orbits 2 shortedge 0.38196601125010454
d e 0 0 0 stickers 10 cubies 120 orbits 2 shortedge 0.44902797657958493
i v 0.112482206141184 5.00002705905445e-10 0.187592473751745 stickers 10 cubies 122 orbits 4 shortedge 0.26446152766043796
i v 0.28138871112762 0.187592474418415 0.562777421255233 stickers 10 cubies 122 orbits 4 shortedge 0.330792269124803
d f 0.105585091198902 5.00051555718528e-10 0.236067976211018 stickers 16 cubies 122 orbits 4 shortedge 0.24819319856291736
d f 0.358548932642016 0.236067980763551 0.447213594776258 stickers 16 cubies 122 orbits 4 shortedge 0.1439849982385925
o e 0.244789502290502 1.00000363545405e-09 0.408248289797186 stickers 22 cubies 122 orbits 7 shortedge 0.2826585700844313
o e 0.461990350408647 0.408248291130548 0.489897947956621 stickers 22 cubies 122 orbits 7 shortedge 0.16112459303177099
o e 0.524941918234976 0.489897949156642 0.612372434945769 stickers 22 cubies 122 orbits 7 shortedge 0.2019121311655668
c e 0.261021839065223 1.09071152110118e-09 0.353553390093225 stickers 25 cubies 122 orbits 7 shortedge 0.36914062488160504
c e 0.414205290678296 0.353553391093328 0.471404520457668 stickers 25 cubies 122 orbits 7 shortedge 0.2426076003400881
c e 0.546902900980241 0.471404521124441 0.70710678018645 stickers 25 cubies 122 orbits 7 shortedge 0.3203124996023389
d v 0.854832593500508 0.794654473015498 0.937962369240267 stickers 21 cubies 131 orbits 5 shortedge 0.1439849972557788
d v 0.41946952412161 0.41946952312162 0.419469525121599 stickers 11 cubies 132 orbits 3 shortedge 0.34302685030762137
i f 0.618033988749886 0.61803398824992 0.618033989249852 stickers 13 cubies 152 orbits 4 shortedge 0.2208703523216775
d v 0.678715947273417 0.678715946773536 0.678715947773298 stickers 16 cubies 152 orbits 4 shortedge 0.27751455142586745
i f 0.333333333333342 0.333333333000041 0.333333333666644 stickers 15 cubies 162 orbits 4 shortedge 0.10411928259312583
i f 0.745355992499953 0.745355992166651 0.745355992833254 stickers 15 cubies 162 orbits 4 shortedge 0.1472469015477679
i f 0.672742662378172 0.618033989249909 0.745355992166594 stickers 16 cubies 182 orbits 5 shortedge 0.18923527573519322
i f 0.770969598759586 0.745355992833311 0.999999997381906 stickers 16 cubies 182 orbits 5 shortedge 0.1324359338905189
d v 0.726155636708975 0.678715947773526 0.794654471568037 stickers 21 cubies 182 orbits 5 shortedge 0.163961233998378
i e 0.86602540378442 0.866025403527146 0.866025404041693 stickers 16 cubies 212 orbits 5 shortedge 0.15982328836139678
i e 0.934172358962655 0.934172358653768 0.934172359271543 stickers 18 cubies 222 orbits 5 shortedge 0.10654885890764411
i e 0.944421022283983 0.934172359296099 1.07046626708302 stickers 19 cubies 223 orbits 6 shortedge 0.0985368840559509
i e 0.774596669241419 0.77459666896516 0.774596669517678 stickers 16 cubies 242 orbits 6 shortedge 0.23129843579399761
i f 0.527864045000399 0.527864044618468 0.52786404538233 stickers 16 cubies 242 orbits 6 shortedge 0.19755244880219097
i e 0.888053374878366 0.866025404284528 0.934172358629212 stickers 19 cubies 242 orbits 6 shortedge 0.14256802373269822
i f 0.56691527068179 0.566915270114919 0.566915271248661 stickers 19 cubies 242 orbits 6 shortedge 0.10944172684544999
d v 0.531745191119057 0.531745190946367 0.531745191291748 stickers 26 cubies 242 orbits 6 shortedge 0.19446715969326794
d v 0.592300472889519 0.59230047262372 0.592300473155319 stickers 26 cubies 242 orbits 6 shortedge 0.18500970095053382
i f 0.2360679774998 0.236067976499839 0.236067978499761 stickers 19 cubies 290 orbits 6 shortedge 0.09877622440110413
d e 0.85065080835193 0.850650807904913 0.850650808798946 stickers 30 cubies 290 orbits 6 shortedge 0.15340627107907623
d v 0.187592474085079 0.187592473637892 0.187592474532266 stickers 30 cubies 290 orbits 6 shortedge 0.15340627107909605
i e 0.807144971628418 0.807144971450498 0.807144971806338 stickers 22 cubies 302 orbits 7 shortedge 0.14556043337880853
i f 0.10557280900008 0.105572808726237 0.105572809273923 stickers 22 cubies 302 orbits 7 shortedge 0.08834814092867016
i f 0.461896476441222 0.381966010750148 0.527864044382341 stickers 22 cubies 302 orbits 7 shortedge 0.1305601749411205
i f 0.555741433418137 0.527864045618458 0.566915270114862 stickers 22 cubies 302 orbits 7 shortedge 0.07811734096556035
i f 0.579145823610522 0.566915271248718 0.618033988058869 stickers 22 cubies 302 orbits 7 shortedge 0.08519970106728124
d e 0.79854751226776 0.798547512107689 0.798547512427831 stickers 31 cubies 302 orbits 7 shortedge 0.14400996852479747
d v 0.0990233221822336 0.0990233219462198 0.0990233224182475 stickers 31 cubies 302 orbits 7 shortedge 0.13102459776361938
d v 0.502579833588376 0.419469530661672 0.531745190552101 stickers 31 cubies 302 orbits 7 shortedge 0.1439512786292167
d v 0.562791600335274 0.531745191686014 0.59230047255619 stickers 31 cubies 302 orbits 7 shortedge 0.15333259961417778
d v 0.617533116288632 0.592300473223077 0.678715946464308 stickers 31 cubies 302 orbits 7 shortedge 0.13098831366153257
d e 0.886439952295727 0.850650809075887 0.951056514985794 stickers 36 cubies 321 orbits 8 shortedge 0.09872532484619223
i f 0.366293370955617 0.333333334539361 0.381966010750091 stickers 25 cubies 332 orbits 8 shortedge 0.03347202140523235
i e 0.7945579326996 0.774596669965149 0.807144970984382 stickers 25 cubies 362 orbits 8 shortedge 0.08926948401826201
i e 0.826580114438045 0.807144972272454 0.86602540297531 stickers 25 cubies 362 orbits 8 shortedge 0.13790578826715408
i f 0.272067557625603 0.236067978499818 0.333333332127268 stickers 25 cubies 362 orbits 8 shortedge 0.06221744584754048
i f 0.0437137412199553 5.00023134009098e-10 0.105572808276463 stickers 28 cubies 362 orbits 8 shortedge 0.09358817096342609
i f 0.142911758634148 0.105572809723697 0.236067975881724 stickers 28 cubies 362 orbits 8 shortedge 0.06306883884932536
d e 0.777241350811778 0.726542531977429 0.798547511847573 stickers 36 cubies 362 orbits 8 shortedge 0.1013976456128336
d e 0.817679191298903 0.798547512687946 0.850650807628426 stickers 36 cubies 362 orbits 8 shortedge 0.09113130820677925
d v 0.0560874285802 5.00108399137389e-10 0.0990233218001322 stickers 36 cubies 362 orbits 8 shortedge 0.12007940085591466
d v 0.129641954773404 0.0990233225642214 0.187592473361406 stickers 36 cubies 362 orbits 8 shortedge 0.08572898486522797
d v 0.259374724922907 0.187592474808753 0.419469522496115 stickers 36 cubies 362 orbits 8 shortedge 0.10591624380403503
i e 0.577350269189651 0.577350268856435 0.577350269522867 stickers 30 cubies 402 orbits 8 shortedge 0.04863267791675635
i e 0.661584538249713 0.661584537249837 0.661584539249588 stickers 28 cubies 470 orbits 9 shortedge 0.09877622440124102
d e 0.525731112119047 0.525731111843015 0.525731112395079 stickers 45 cubies 470 orbits 9 shortedge 0.12410828034673232
i e 0.692375929817155 0.661584539249816 0.774596668070444 stickers 31 cubies 482 orbits 10 shortedge 0.0993129992205444
i e 0.408881731069641 0.408881730687767 0.408881731451515 stickers 34 cubies 542 orbits 11 shortedge 0.0754583208816973
i e 1.03472075352329e-09 1.00010311143706e-09 1.06933839560952e-09 stickers 34 cubies 542 orbits 11 shortedge 1.1076325326294086e-9
i e 0.449404510502461 0.449404510090631 0.449404510914292 stickers 37 cubies 542 orbits 11 shortedge 0.09272607219353453
d e 0.411888053926078 0.411888053709845 0.41188805414231 stickers 56 cubies 542 orbits 11 shortedge 0.03713992265350693
d e 0.634037677529931 0.634037677196829 0.634037677863034 stickers 56 cubies 542 orbits 11 shortedge 0.057171141718042016
i e 0.535233134659677 0.535233134159739 0.535233135159615 stickers 37 cubies 572 orbits 11 shortedge 0.049388112200499185
d e 0.587785252292405 0.587785251898367 0.587785252686444 stickers 56 cubies 572 orbits 11 shortedge 0.08575671257667342
i e 1.38197719934397e-09 1.14596332423389e-09 1.61799107445404e-09 stickers 37 cubies 602 orbits 12 shortedge 1.3925931995421452e-9
i e 0.498843026314944 0.498843026146801 0.498843026483087 stickers 40 cubies 602 orbits 12 shortedge 0.08996129524524098
i e 0.548806039292405 0.535233135159729 0.577350267983547 stickers 40 cubies 602 orbits 12 shortedge 0.033472021413009964
i e 0.618315762969106 0.577350270395755 0.661584536249393 stickers 40 cubies 602 orbits 12 shortedge 0.024969444571671204
d e 0.411888053250777 0.411888053009079 0.411888053492476 stickers 61 cubies 602 orbits 12 shortedge 2.265499541990722e-9
d e 0.41188805460115 0.411888054359224 0.411888054843075 stickers 61 cubies 602 orbits 12 shortedge 2.2652690193839123e-9
d e 0.562428193028154 0.562428192915377 0.562428193140931 stickers 61 cubies 602 orbits 12 shortedge 0.06268609792003584
d e 0.606349458290752 0.587785252792855 0.634037677196375 stickers 61 cubies 602 orbits 12 shortedge 0.07425682399311456
d e 0.64731718197753 0.634037677863489 0.726542522848376 stickers 61 cubies 602 orbits 12 shortedge 0.04896395661567042
i e 2.11804263017256e-09 1.61810476129176e-09 2.61798049905337e-09 stickers 40 cubies 662 orbits 13 shortedge 2.1343129001537315e-9
i e 0.231801297246193 0.231801296895924 0.231801297596462 stickers 43 cubies 662 orbits 13 shortedge 0.02619635856845677
i e 0.308301945313531 0.308301945245603 0.308301945381459 stickers 43 cubies 662 orbits 13 shortedge 0.017181078555770363
i e 0.47872706916371 0.478727068887338 0.478727069440083 stickers 43 cubies 662 orbits 13 shortedge 0.05460215393680626
d e 0.242180842668631 0.242180842541529 0.242180842795733 stickers 66 cubies 662 orbits 13 shortedge 0.06011329583184267
d e 0.305018008054503 0.305018007755734 0.305018008353272 stickers 66 cubies 662 orbits 13 shortedge 0.037855260454442916
d e 0.547822164005765 0.54782216384092 0.547822164170611 stickers 66 cubies 662 orbits 13 shortedge 0.037736021705790865
i e 0.330792269124856 0.330792268624919 0.330792269624794 stickers 43 cubies 692 orbits 13 shortedge 0.02982752029985293
d e 0.363271264002833 0.363271263503066 0.3632712645026 stickers 66 cubies 692 orbits 13 shortedge 0.05300056313581654
i e 0.356822089773061 0.356822089439788 0.356822090106334 stickers 45 cubies 702 orbits 13 shortedge 0.06524758424988764
d e 0.449027976579373 0.449027975579611 0.449027977579135 stickers 66 cubies 702 orbits 13 shortedge 0.04048882738988938
i e 0.136293910356528 0.136293910150584 0.136293910562472 stickers 46 cubies 722 orbits 14 shortedge 0.05624331165313127
i e 0.267616567329866 0.267616567079926 0.267616567579807 stickers 46 cubies 722 orbits 14 shortedge 0.05901699437502676
i e 0.316521888676107 0.316521888197713 0.316521889154501 stickers 46 cubies 722 orbits 14 shortedge 0.022311969023545052
i e 0.346272894885839 0.330792269624908 0.356822089439675 stickers 46 cubies 722 orbits 14 shortedge 0.03911856596560768
i e 0.36998951851398 0.356822090106448 0.408881729833524 stickers 46 cubies 722 orbits 14 shortedge 0.04874453323513533
i e 0.427045750483211 0.408881731833617 0.449404509823125 stickers 46 cubies 722 orbits 14 shortedge 0.04156373770608761
i e 0.472055041464925 0.449404511181797 0.478727068716466 stickers 46 cubies 722 orbits 14 shortedge 0.04217803066407445
i e 0.485249039797452 0.478727069610954 0.498843025848828 stickers 46 cubies 722 orbits 14 shortedge 0.04124856407079214
i e 0.515190145191102 0.498843026780946 0.535233133850511 stickers 46 cubies 722 orbits 14 shortedge 0.04954899491083834
d e 0.145308505600951 0.145308505277626 0.145308505924277 stickers 71 cubies 722 orbits 14 shortedge 0.05835921349997905
d e 0.262865556059523 0.262865555921508 0.262865556197539 stickers 71 cubies 722 orbits 14 shortedge 0.03835156776969237
d e 0.324919696232883 0.324919696062352 0.324919696403413 stickers 71 cubies 722 orbits 14 shortedge 0.04984471899916832
d e 0.37817914684952 0.363271264503055 0.411888052792165 stickers 71 cubies 722 orbits 14 shortedge 0.0367484373314198
d e 0.429660084874436 0.41188805505999 0.449027970427323 stickers 71 cubies 722 orbits 14 shortedge 0.019367891705148944
d e 0.476892790186451 0.449027981310792 0.525731111119057 stickers 71 cubies 722 orbits 14 shortedge 0.07086620967250723
d e 0.544456729884171 0.525731112843005 0.547822163361616 stickers 71 cubies 722 orbits 14 shortedge 0.031987173904716545
d e 0.551644835984693 0.547822164649915 0.562428192436528 stickers 71 cubies 722 orbits 14 shortedge 0.036468947008436205
d e 0.575156248114469 0.56242819361978 0.587785251601417 stickers 71 cubies 722 orbits 14 shortedge 0.04297149045080212
i e 0.22052817941659 0.220528179083317 0.220528179749863 stickers 46 cubies 782 orbits 15 shortedge 0.01857603000019131
i e 0.295869600077765 0.295869599630578 0.295869600524952 stickers 46 cubies 782 orbits 15 shortedge 0.033745986991916554
i e 0.171657248314431 0.171657248054998 0.171657248573865 stickers 49 cubies 782 orbits 15 shortedge 0.07083641586929583
d e 0.200811415886164 0.200811415439148 0.200811416333181 stickers 71 cubies 782 orbits 15 shortedge 0.0498447189994604
d e 0.214828453505561 0.214828453209975 0.214828453801147 stickers 76 cubies 782 orbits 15 shortedge 0.03134304896000134
d e 0.277514551425611 0.277514551233708 0.277514551617514 stickers 76 cubies 782 orbits 15 shortedge 0.04257247250393775
i e 0.118724773661763 4.23619894718286e-09 0.13629390994447 stickers 52 cubies 842 orbits 16 shortedge 0.04899319733756659
i e 0.157981582327811 0.136293910768586 0.171657247833309 stickers 52 cubies 842 orbits 16 shortedge 0.06078007105739537
i e 0.185354472327642 0.171657248795555 0.22052817874976 stickers 52 cubies 842 orbits 16 shortedge 0.06092264776850859
i e 0.225206963771198 0.220528180083306 0.231801296545427 stickers 52 cubies 842 orbits 16 shortedge 0.010866251760551638
i e 0.255235116516706 0.231801297946959 0.267616566925199 stickers 52 cubies 842 orbits 16 shortedge 0.03861463495436725
i e 0.279397861264267 0.267616567734422 0.295869599524963 stickers 52 cubies 842 orbits 16 shortedge 0.036831927694650816
i e 0.302680679737852 0.295869600630681 0.308301944669438 stickers 52 cubies 842 orbits 16 shortedge 0.015230037120072173
i e 0.311882116063692 0.30830194595751 0.316521888084708 stickers 52 cubies 842 orbits 16 shortedge 0.009697913260292845
i e 0.324005476841408 0.316521889267506 0.330792268551818 stickers 52 cubies 842 orbits 16 shortedge 0.015641971054519012
d e 0.128563971004914 5.06042852066457e-09 0.145308505200774 stickers 81 cubies 842 orbits 16 shortedge 0.051634226098905
d e 0.170241453552642 0.145308506001129 0.200811415333192 stickers 81 cubies 842 orbits 16 shortedge 0.06835651384750471
d e 0.20942149071417 0.200811416439137 0.214828453096743 stickers 81 cubies 842 orbits 16 shortedge 0.019227211076732007
d e 0.224204126002919 0.214828453914379 0.242180842001744 stickers 81 cubies 842 orbits 16 shortedge 0.0333306657162811
d e 0.254805789761306 0.242180843335518 0.262865555559529 stickers 81 cubies 842 orbits 16 shortedge 0.02340793922865525
d e 0.27330868728898 0.262865556559973 0.277514550897649 stickers 81 cubies 842 orbits 16 shortedge 0.030310944886941422
d e 0.284605286554775 0.277514551954027 0.305018007375111 stickers 81 cubies 842 orbits 16 shortedge 0.05110171767620543
d e 0.313608385297821 0.305018008734351 0.324919695614426 stickers 81 cubies 842 orbits 16 shortedge 0.021515005960723737
d e 0.345069250323634 0.324919696851339 0.363271263311617 stickers 81 cubies 842 orbits 16 shortedge 0.03827745957717095
